<?xml version="1.0" encoding="UTF-8"?>
<!-- Generated by org.testng.reporters.JUnitReportReporter -->
<testsuite hostname="LAPTOP-3T0FKK7H" failures="0" tests="2" name="com.newtour.qa.testCases.LoginPageTest" time="5.365" errors="0" timestamp="14 Jan 2020 22:23:32 GMT">
  <testcase classname="com.newtour.qa.testCases.LoginPageTest" name="LoginPageTitleTest" time="0.015"/>
  <testcase classname="com.newtour.qa.testCases.LoginPageTest" name="LoginTest" time="5.350"/>
</testsuite> <!-- com.newtour.qa.testCases.LoginPageTest -->
