<?xml version="1.0" encoding="UTF-8"?>
<!-- Generated by org.testng.reporters.JUnitReportReporter -->
<testsuite hostname="LAPTOP-3T0FKK7H" failures="0" tests="1" name="com.Selenium_project_Infotek.BookFlightByUsingTestNg" time="24.997" errors="0" timestamp="2020-01-26T16:51:46 EST" skipped="0">
  <testcase classname="com.Selenium_project_Infotek.BookFlightByUsingTestNg" name="BookFlight" time="24.997"/>
  <system-out/>
</testsuite> <!-- com.Selenium_project_Infotek.BookFlightByUsingTestNg -->
