<?xml version="1.0" encoding="UTF-8"?>
<!-- Generated by org.testng.reporters.JUnitReportReporter -->
<testsuite hostname="LAPTOP-3T0FKK7H" failures="0" tests="1" name="com.Selenium_project_Infotek.WebsideTitleUsingTestNg" time="0.026" errors="0" timestamp="2020-01-26T17:01:29 EST" skipped="0">
  <testcase classname="com.Selenium_project_Infotek.WebsideTitleUsingTestNg" name="checkTitle" time="0.026"/>
  <system-out/>
</testsuite> <!-- com.Selenium_project_Infotek.WebsideTitleUsingTestNg -->
