<?xml version="1.0" encoding="UTF-8"?>
<!-- Generated by org.testng.reporters.JUnitReportReporter -->
<testsuite hostname="LAPTOP-3T0FKK7H" failures="0" tests="1" name="com.Selenium_project_Infotek.WindowHandleUsingTestNg" time="3.116" errors="0" timestamp="2020-01-26T16:47:01 EST" skipped="0">
  <testcase classname="com.Selenium_project_Infotek.WindowHandleUsingTestNg" name="switchWind" time="3.116"/>
  <system-out/>
</testsuite> <!-- com.Selenium_project_Infotek.WindowHandleUsingTestNg -->
